SF:lib\app\core\errors\messages.dart
DA:4,1
DA:5,0
DA:6,0
DA:7,1
DA:8,0
DA:9,0
DA:10,0
DA:11,1
LF:8
LH:3
end_of_record
SF:lib\app\modules\login\domain\entities\login_validator.dart
DA:8,3
DA:9,1
DA:10,6
DA:12,1
DA:17,1
DA:21,1
LF:6
LH:6
end_of_record
SF:lib\app\modules\login\domain\errors\errors.dart
DA:9,0
DA:16,0
DA:22,2
LF:3
LH:1
end_of_record
SF:lib\app\modules\login\domain\usecases\login_with_email.dart
DA:20,2
DA:23,1
DA:25,1
DA:26,3
DA:28,1
DA:29,3
DA:31,3
DA:32,1
DA:33,1
LF:9
LH:9
end_of_record
SF:lib\app\modules\login\domain\usecases\login_with_email.g.dart
DA:9,3
DA:10,3
LF:2
LH:2
end_of_record
SF:lib\app\modules\login\infra\repositories\login_repository_impl.dart
DA:22,2
DA:25,0
DA:27,0
DA:29,0
DA:30,0
DA:32,0
DA:34,0
DA:35,0
DA:40,0
DA:42,0
DA:43,0
DA:45,0
DA:49,1
DA:52,3
DA:55,3
DA:57,2
DA:59,3
LF:17
LH:6
end_of_record
SF:lib\app\modules\login\infra\repositories\login_repository_impl.g.dart
DA:9,3
DA:10,3
LF:2
LH:2
end_of_record
SF:lib\app\modules\login\domain\usecases\logout.dart
DA:19,0
DA:22,0
DA:23,0
LF:3
LH:0
end_of_record
SF:lib\app\modules\login\domain\usecases\logout.g.dart
DA:9,3
DA:10,0
LF:2
LH:1
end_of_record
SF:lib\app\app_module.dart
DA:14,1
DA:15,1
DA:16,1
DA:17,1
DA:18,3
DA:21,0
DA:22,0
DA:23,0
DA:24,0
DA:25,0
DA:28,0
DA:29,0
LF:12
LH:5
end_of_record
SF:lib\app\modules\login\login_module.dart
DA:12,3
DA:13,1
DA:14,1
DA:15,1
DA:16,1
DA:19,2
DA:20,1
DA:23,0
DA:24,0
DA:25,0
LF:10
LH:7
end_of_record
SF:lib\app\app_widget.dart
DA:9,0
DA:10,0
DA:14,0
DA:16,0
DA:19,0
DA:24,0
LF:6
LH:0
end_of_record
SF:lib\app\core\pages\splash_screen_page.dart
DA:8,0
DA:9,0
DA:12,0
DA:13,0
DA:14,0
DA:16,0
DA:17,0
DA:22,0
DA:24,0
DA:25,0
DA:28,0
DA:30,0
DA:32,0
DA:35,0
DA:36,0
DA:39,0
DA:41,0
DA:42,0
LF:18
LH:0
end_of_record
SF:lib\app\modules\home\home_module.dart
DA:6,0
DA:7,0
DA:8,0
DA:11,0
DA:12,0
DA:13,0
DA:14,0
LF:7
LH:0
end_of_record
SF:lib\app\core\stores\auth_store.g.dart
DA:9,3
DA:10,0
DA:24,0
DA:26,0
DA:27,0
DA:30,0
DA:32,0
DA:33,0
DA:40,0
DA:42,0
DA:45,0
DA:47,0
DA:51,0
DA:54,0
DA:55,0
LF:15
LH:1
end_of_record
SF:lib\app\core\stores\auth_store.dart
DA:18,0
DA:23,0
DA:24,0
DA:26,0
DA:27,0
DA:28,0
DA:30,0
DA:31,0
DA:36,0
DA:37,0
DA:38,0
DA:39,0
DA:40,0
DA:41,0
DA:42,0
LF:15
LH:0
end_of_record
SF:lib\app\app_theme.dart
DA:4,0
LF:1
LH:0
end_of_record
SF:lib\app\modules\login\domain\usecases\get_logged_user.dart
DA:19,0
DA:22,0
DA:23,0
LF:3
LH:0
end_of_record
SF:lib\app\modules\login\domain\usecases\get_logged_user.g.dart
DA:9,3
DA:10,0
LF:2
LH:1
end_of_record
SF:lib\app\modules\home\presentation\home_controller.g.dart
DA:9,0
DA:24,0
DA:26,0
DA:27,0
DA:30,0
DA:32,0
DA:33,0
DA:39,0
DA:41,0
DA:42,0
DA:45,0
DA:47,0
DA:48,0
DA:54,0
DA:56,0
DA:57,0
DA:60,0
DA:62,0
DA:63,0
DA:70,0
DA:72,0
DA:75,0
DA:77,0
DA:81,0
DA:83,0
DA:86,0
DA:88,0
DA:92,0
DA:94,0
DA:97,0
DA:99,0
DA:103,0
DA:106,0
DA:107,0
DA:108,0
DA:109,0
LF:36
LH:0
end_of_record
SF:lib\app\modules\home\presentation\home_controller.dart
DA:13,0
DA:14,0
DA:18,0
DA:19,0
DA:23,0
DA:24,0
LF:6
LH:0
end_of_record
SF:lib\app\modules\home\presentation\home_page.dart
DA:12,0
DA:13,0
DA:19,0
DA:21,0
DA:22,0
DA:23,0
DA:24,0
DA:27,0
DA:29,0
DA:30,0
DA:31,0
DA:33,0
DA:34,0
DA:35,0
DA:39,0
DA:41,0
DA:43,0
DA:44,0
DA:47,0
DA:48,0
DA:49,0
DA:53,0
DA:54,0
DA:55,0
DA:56,0
DA:59,0
DA:60,0
DA:61,0
DA:62,0
DA:65,0
DA:66,0
DA:67,0
LF:32
LH:0
end_of_record
SF:lib\app\modules\login\presentation\widgets\main_button.dart
DA:11,0
DA:12,0
DA:14,0
DA:16,0
DA:19,0
DA:20,0
DA:21,0
DA:22,0
DA:23,0
DA:26,0
DA:30,0
DA:31,0
DA:32,0
DA:34,0
DA:35,0
DA:37,0
DA:38,0
DA:39,0
LF:18
LH:0
end_of_record
SF:lib\app\modules\login\presentation\login_controller.g.dart
DA:9,3
DA:10,0
DA:24,0
DA:26,0
DA:27,0
DA:30,0
DA:32,0
DA:33,0
DA:39,0
DA:41,0
DA:42,0
DA:45,0
DA:47,0
DA:48,0
DA:55,0
DA:57,0
DA:58,0
DA:61,0
DA:63,0
DA:64,0
DA:71,0
DA:73,0
DA:76,0
DA:78,0
DA:82,0
DA:84,0
DA:87,0
DA:89,0
DA:93,0
DA:95,0
DA:98,0
DA:100,0
DA:104,0
DA:107,0
DA:108,0
DA:109,0
DA:110,0
LF:37
LH:1
end_of_record
SF:lib\app\modules\login\presentation\login_controller.dart
DA:21,0
DA:28,0
DA:29,0
DA:33,0
DA:34,0
DA:38,0
DA:39,0
DA:41,0
DA:42,0
DA:44,0
DA:45,0
DA:46,0
DA:47,0
DA:48,0
DA:49,0
DA:50,0
DA:51,0
DA:52,0
DA:53,0
DA:54,0
DA:55,0
DA:61,0
DA:62,0
DA:63,0
LF:24
LH:0
end_of_record
SF:lib\app\modules\login\presentation\login_page.dart
DA:12,0
DA:13,0
DA:17,0
DA:19,0
DA:21,0
DA:23,0
DA:24,0
DA:25,0
DA:26,0
DA:27,0
DA:28,0
DA:29,0
DA:30,0
DA:31,0
DA:32,0
DA:33,0
DA:34,0
DA:38,0
LF:18
LH:0
end_of_record
SF:lib\app\modules\login\presentation\widgets\image_bot.dart
DA:4,0
DA:6,0
DA:7,0
DA:8,0
DA:9,0
DA:10,0
DA:11,0
DA:16,0
DA:17,0
DA:18,0
LF:10
LH:0
end_of_record
SF:lib\app\modules\login\presentation\widgets\image_top.dart
DA:7,0
DA:9,0
DA:10,0
DA:11,0
DA:13,0
DA:19,0
DA:20,0
DA:24,0
LF:8
LH:0
end_of_record
SF:lib\app\modules\login\presentation\widgets\login_box.dart
DA:9,0
DA:10,0
DA:14,0
DA:16,0
DA:17,0
DA:18,0
DA:19,0
DA:21,0
DA:22,0
DA:23,0
DA:24,0
DA:27,0
DA:31,0
DA:32,0
DA:33,0
DA:36,0
DA:37,0
DA:39,0
DA:42,0
DA:43,0
DA:45,0
DA:46,0
DA:47,0
DA:49,0
DA:51,0
DA:52,0
DA:53,0
DA:54,0
DA:79,0
DA:81,0
DA:83,0
DA:85,0
DA:86,0
DA:87,0
DA:88,0
DA:89,0
DA:90,0
DA:92,0
DA:94,0
DA:97,0
LF:40
LH:0
end_of_record
