SF:lib\app\core\errors\messages.dart
DA:4,0
DA:5,0
DA:6,0
DA:7,0
DA:8,0
DA:9,0
DA:10,0
DA:11,1
LF:8
LH:1
end_of_record
SF:lib\app\modules\login\domain\entities\login_validator.dart
DA:8,3
DA:9,1
DA:10,6
DA:12,1
DA:17,1
DA:21,1
LF:6
LH:6
end_of_record
SF:lib\app\modules\login\domain\errors\erros.dart
DA:9,0
DA:16,0
DA:22,1
LF:3
LH:1
end_of_record
SF:lib\app\modules\login\domain\usecases\login_with_email.dart
DA:20,1
DA:23,1
DA:25,1
DA:26,3
DA:28,1
DA:29,0
DA:31,3
DA:32,1
DA:33,1
LF:9
LH:8
end_of_record
SF:lib\app\modules\login\domain\usecases\login_with_email.g.dart
DA:9,0
LF:1
LH:0
end_of_record
SF:lib\app\modules\login\infra\repositories\login_repository_impl.dart
DA:24,0
DA:27,0
DA:29,0
DA:31,0
DA:33,0
DA:35,0
DA:41,0
DA:43,0
DA:44,0
DA:46,0
DA:51,0
DA:53,0
DA:54,0
DA:56,0
LF:14
LH:0
end_of_record
SF:lib\app\modules\login\infra\repositories\login_repository_impl.g.dart
DA:9,0
LF:1
LH:0
end_of_record
